TN:
SF:src/modules/appointments/services/CreateAppointmentService.ts
FN:16,CreateAppointmentService
FN:21,Object.<anonymous>.CreateAppointmentService.execute
FNF:2
FNH:2
FNDA:1,CreateAppointmentService
FNDA:3,Object.<anonymous>.CreateAppointmentService.execute
DA:1,1
DA:2,1
DA:3,1
DA:4,1
DA:5,1
DA:6,1
DA:7,1
DA:8,1
DA:9,1
DA:10,1
DA:11,1
DA:12,1
DA:13,1
DA:14,1
DA:15,1
DA:16,1
DA:17,1
DA:18,1
DA:19,1
DA:20,1
DA:21,1
DA:22,3
DA:23,3
DA:24,3
DA:25,3
DA:26,3
DA:27,3
DA:28,3
DA:29,1
DA:30,1
DA:31,2
DA:32,2
DA:33,2
DA:34,2
DA:35,2
DA:36,3
DA:37,3
DA:38,3
DA:39,1
LF:39
LH:39
BRDA:15,0,0,1
BRDA:16,1,0,1
BRDA:21,2,0,3
BRDA:28,3,0,1
BRDA:31,4,0,2
BRF:5
BRH:5
end_of_record
TN:
SF:src/modules/users/services/AuthenticateUserService.ts
FN:21,AuthenticateUserService
FN:28,Object.<anonymous>.AuthenticateUserService.execute
FNF:2
FNH:2
FNDA:1,AuthenticateUserService
FNDA:3,Object.<anonymous>.AuthenticateUserService.execute
DA:1,1
DA:2,1
DA:3,1
DA:4,1
DA:5,1
DA:6,1
DA:7,1
DA:8,1
DA:9,1
DA:10,1
DA:11,1
DA:12,1
DA:13,1
DA:14,1
DA:15,1
DA:16,1
DA:17,1
DA:18,1
DA:19,1
DA:20,1
DA:21,1
DA:22,1
DA:23,1
DA:24,1
DA:25,1
DA:26,1
DA:27,1
DA:28,1
DA:29,3
DA:30,3
DA:31,3
DA:32,1
DA:33,1
DA:34,2
DA:35,2
DA:36,2
DA:37,2
DA:38,2
DA:39,3
DA:40,3
DA:41,1
DA:42,1
DA:43,1
DA:44,1
DA:45,1
DA:46,1
DA:47,1
DA:48,1
DA:49,1
DA:50,3
DA:51,1
LF:51
LH:51
BRDA:20,0,0,1
BRDA:21,1,0,1
BRDA:28,2,0,3
BRDA:29,3,0,3
BRDA:31,4,0,1
BRDA:34,5,0,2
BRDA:40,6,0,1
BRF:7
BRH:7
end_of_record
TN:
SF:src/modules/users/services/CreateUserService.ts
FN:14,CreateUserService
FN:21,Object.<anonymous>.CreateUserService.execute
FNF:2
FNH:2
FNDA:2,CreateUserService
FNDA:3,Object.<anonymous>.CreateUserService.execute
DA:1,1
DA:2,1
DA:3,1
DA:4,1
DA:5,1
DA:6,1
DA:7,1
DA:8,1
DA:9,1
DA:10,1
DA:11,1
DA:12,1
DA:13,1
DA:14,1
DA:15,2
DA:16,2
DA:17,2
DA:18,2
DA:19,2
DA:20,1
DA:21,1
DA:22,3
DA:23,3
DA:24,3
DA:25,1
DA:26,1
DA:27,2
DA:28,2
DA:29,3
DA:30,3
DA:31,3
DA:32,3
DA:33,3
DA:34,3
DA:35,3
DA:36,3
DA:37,3
DA:38,1
LF:38
LH:38
BRDA:13,0,0,1
BRDA:14,1,0,2
BRDA:21,2,0,3
BRDA:22,3,0,3
BRDA:24,4,0,1
BRDA:27,5,0,2
BRF:6
BRH:6
end_of_record
TN:
SF:src/modules/users/services/SendForgotPasswordEmailService.ts
FN:12,SendForgotPasswordEmailService
FN:19,Object.<anonymous>.SendForgotPasswordEmailService.execute
FNF:2
FNH:2
FNDA:1,SendForgotPasswordEmailService
FNDA:1,Object.<anonymous>.SendForgotPasswordEmailService.execute
DA:1,1
DA:2,1
DA:3,1
DA:4,1
DA:5,1
DA:6,1
DA:7,1
DA:8,1
DA:9,1
DA:10,1
DA:11,1
DA:12,1
DA:13,1
DA:14,1
DA:15,1
DA:16,1
DA:17,1
DA:18,1
DA:19,1
DA:20,1
DA:21,1
DA:22,0
DA:23,0
DA:24,1
DA:25,1
DA:26,1
LF:26
LH:24
BRDA:11,0,0,1
BRDA:12,1,0,1
BRDA:19,2,0,1
BRDA:20,3,0,1
BRDA:21,4,0,0
BRF:5
BRH:4
end_of_record
TN:
SF:src/modules/users/services/UpdateUserAvatarService.ts
FN:14,UpdateUserAvatarService
FN:21,Object.<anonymous>.UpdateUserAvatarService.execute
FNF:2
FNH:2
FNDA:1,UpdateUserAvatarService
FNDA:4,Object.<anonymous>.UpdateUserAvatarService.execute
DA:1,1
DA:2,1
DA:3,1
DA:4,1
DA:5,1
DA:6,1
DA:7,1
DA:8,1
DA:9,1
DA:10,1
DA:11,1
DA:12,1
DA:13,1
DA:14,1
DA:15,1
DA:16,1
DA:17,1
DA:18,1
DA:19,1
DA:20,1
DA:21,1
DA:22,4
DA:23,4
DA:24,1
DA:25,1
DA:26,3
DA:27,3
DA:28,1
DA:29,4
DA:30,4
DA:31,4
DA:32,4
DA:33,4
DA:34,4
DA:35,4
DA:36,4
DA:37,4
DA:38,4
DA:39,1
LF:39
LH:39
BRDA:13,0,0,1
BRDA:14,1,0,1
BRDA:21,2,0,4
BRDA:22,3,0,4
BRDA:23,4,0,1
BRDA:26,5,0,3
BRDA:27,6,0,2
BRDA:27,7,0,1
BRDA:31,8,0,3
BRF:9
BRH:9
end_of_record
